HAI811I - Developpement mobile/TP1/TP1_Premiere_Application_Rendue/app/build/intermediates/manifest_merge_blame_file/debug/manifest-merger-blame-debug-report.txt
1<?xml version="1.0" encoding="utf-8"?>
2<manifest xmlns:android="http://schemas.android.com/apk/res/android"
3    package="com.example.tp1_premireapplication"
4    android:versionCode="1"
5    android:versionName="1.0" >
6
7    <uses-sdk
8        android:minSdkVersion="24"
8-->src\main\AndroidManifest.xml
9        android:targetSdkVersion="33" />
9-->src\main\AndroidManifest.xml
10
11    <uses-permission android:name="android.permission.CALL_PHONE" />
11-->src\main\AndroidManifest.xml:5:5-69
11-->src\main\AndroidManifest.xml:5:22-66
12
13    <permission
13-->[androidx.core:core:1.9.0] AndroidManifest.xml:22:5-24:47
14        android:name="com.example.tp1_premireapplication.DYNAMIC_RECEIVER_NOT_EXPORTED_PERMISSION"
14-->[androidx.core:core:1.9.0] AndroidManifest.xml:23:9-81
15        android:protectionLevel="signature" />
15-->[androidx.core:core:1.9.0] AndroidManifest.xml:24:9-44
16
17    <uses-permission android:name="com.example.tp1_premireapplication.DYNAMIC_RECEIVER_NOT_EXPORTED_PERMISSION" />
17-->[androidx.core:core:1.9.0] AndroidManifest.xml:26:5-97
17-->[androidx.core:core:1.9.0] AndroidManifest.xml:26:22-94
18
19    <application
19-->src\main\AndroidManifest.xml:7:5-84:19
20        android:allowBackup="true"
20-->src\main\AndroidManifest.xml:8:9-35
21        android:appComponentFactory="androidx.core.app.CoreComponentFactory"
21-->[androidx.core:core:1.9.0] AndroidManifest.xml:28:18-86
22        android:dataExtractionRules="@xml/data_extraction_rules"
22-->src\main\AndroidManifest.xml:9:9-65
23        android:debuggable="true"
24        android:extractNativeLibs="false"
25        android:fullBackupContent="@xml/backup_rules"
25-->src\main\AndroidManifest.xml:10:9-54
26        android:icon="@mipmap/ic_launcher"
26-->src\main\AndroidManifest.xml:11:9-43
27        android:label="@string/app_name"
27-->src\main\AndroidManifest.xml:12:9-41
28        android:roundIcon="@mipmap/ic_launcher_round"
28-->src\main\AndroidManifest.xml:13:9-54
29        android:supportsRtl="true"
29-->src\main\AndroidManifest.xml:14:9-35
30        android:testOnly="true" >
31
32        <!-- Listes des activités -->
33
34
35        <!-- Saisie de données -->
36        <activity
36-->src\main\AndroidManifest.xml:20:9-33:20
37            android:name="com.example.tp1_premireapplication.MainActivity"
37-->src\main\AndroidManifest.xml:21:13-41
38            android:exported="true"
38-->src\main\AndroidManifest.xml:22:13-36
39            android:theme="@style/Theme.Home" >
39-->src\main\AndroidManifest.xml:23:13-46
40            <intent-filter>
40-->src\main\AndroidManifest.xml:24:13-28:29
41                <action android:name="android.intent.action.MAIN" />
41-->src\main\AndroidManifest.xml:25:17-69
41-->src\main\AndroidManifest.xml:25:25-66
42
43                <category android:name="android.intent.category.LAUNCHER" />
43-->src\main\AndroidManifest.xml:27:17-77
43-->src\main\AndroidManifest.xml:27:27-74
44            </intent-filter>
45
46            <meta-data
46-->src\main\AndroidManifest.xml:30:13-32:36
47                android:name="android.app.lib_name"
47-->src\main\AndroidManifest.xml:31:17-52
48                android:value="" />
48-->src\main\AndroidManifest.xml:32:17-33
49        </activity>
50
51        <!-- Saisie de données -->
52        <activity
52-->src\main\AndroidManifest.xml:36:9-43:20
53            android:name="com.example.tp1_premireapplication.SaisieActivity"
53-->src\main\AndroidManifest.xml:37:13-43
54            android:exported="true"
54-->src\main\AndroidManifest.xml:38:13-36
55            android:theme="@style/Theme.Saisie" >
55-->src\main\AndroidManifest.xml:39:13-48
56            <meta-data
56-->src\main\AndroidManifest.xml:30:13-32:36
57                android:name="android.app.lib_name"
57-->src\main\AndroidManifest.xml:31:17-52
58                android:value="" />
58-->src\main\AndroidManifest.xml:32:17-33
59        </activity>
60
61        <!-- Affichage des données -->
62        <activity
62-->src\main\AndroidManifest.xml:46:9-53:20
63            android:name="com.example.tp1_premireapplication.AffichageActivity"
63-->src\main\AndroidManifest.xml:47:13-46
64            android:exported="true"
64-->src\main\AndroidManifest.xml:48:13-36
65            android:theme="@style/Theme.Saisie" >
65-->src\main\AndroidManifest.xml:49:13-48
66            <meta-data
66-->src\main\AndroidManifest.xml:30:13-32:36
67                android:name="android.app.lib_name"
67-->src\main\AndroidManifest.xml:31:17-52
68                android:value="" />
68-->src\main\AndroidManifest.xml:32:17-33
69        </activity>
70
71        <!-- Affichage pour appeler -->
72        <activity
72-->src\main\AndroidManifest.xml:56:9-63:20
73            android:name="com.example.tp1_premireapplication.AppelActivity"
73-->src\main\AndroidManifest.xml:57:13-42
74            android:exported="true"
74-->src\main\AndroidManifest.xml:58:13-36
75            android:theme="@style/Theme.Saisie" >
75-->src\main\AndroidManifest.xml:59:13-48
76            <meta-data
76-->src\main\AndroidManifest.xml:30:13-32:36
77                android:name="android.app.lib_name"
77-->src\main\AndroidManifest.xml:31:17-52
78                android:value="" />
78-->src\main\AndroidManifest.xml:32:17-33
79        </activity>
80
81        <!-- Recherche de train -->
82        <activity
82-->src\main\AndroidManifest.xml:66:9-73:20
83            android:name="com.example.tp1_premireapplication.TrainActivity"
83-->src\main\AndroidManifest.xml:67:13-42
84            android:exported="true"
84-->src\main\AndroidManifest.xml:68:13-36
85            android:theme="@style/Theme.Train" >
85-->src\main\AndroidManifest.xml:69:13-47
86            <meta-data
86-->src\main\AndroidManifest.xml:30:13-32:36
87                android:name="android.app.lib_name"
87-->src\main\AndroidManifest.xml:31:17-52
88                android:value="" />
88-->src\main\AndroidManifest.xml:32:17-33
89        </activity>
90
91        <!-- Calendrier -->
92        <activity
92-->src\main\AndroidManifest.xml:76:9-83:20
93            android:name="com.example.tp1_premireapplication.CalendrierActivity"
93-->src\main\AndroidManifest.xml:77:13-47
94            android:exported="true"
94-->src\main\AndroidManifest.xml:78:13-36
95            android:theme="@style/Theme.Calendrier" >
95-->src\main\AndroidManifest.xml:79:13-52
96            <meta-data
96-->src\main\AndroidManifest.xml:30:13-32:36
97                android:name="android.app.lib_name"
97-->src\main\AndroidManifest.xml:31:17-52
98                android:value="" />
98-->src\main\AndroidManifest.xml:32:17-33
99        </activity>
100
101        <provider
101-->[androidx.emoji2:emoji2:1.2.0] AndroidManifest.xml:24:9-32:20
102            android:name="androidx.startup.InitializationProvider"
102-->[androidx.emoji2:emoji2:1.2.0] AndroidManifest.xml:25:13-67
103            android:authorities="com.example.tp1_premireapplication.androidx-startup"
103-->[androidx.emoji2:emoji2:1.2.0] AndroidManifest.xml:26:13-68
104            android:exported="false" >
104-->[androidx.emoji2:emoji2:1.2.0] AndroidManifest.xml:27:13-37
105            <meta-data
105-->[androidx.emoji2:emoji2:1.2.0] AndroidManifest.xml:29:13-31:52
106                android:name="androidx.emoji2.text.EmojiCompatInitializer"
106-->[androidx.emoji2:emoji2:1.2.0] AndroidManifest.xml:30:17-75
107                android:value="androidx.startup" />
107-->[androidx.emoji2:emoji2:1.2.0] AndroidManifest.xml:31:17-49
108            <meta-data
108-->[androidx.lifecycle:lifecycle-process:2.4.1] AndroidManifest.xml:31:13-33:52
109                android:name="androidx.lifecycle.ProcessLifecycleInitializer"
109-->[androidx.lifecycle:lifecycle-process:2.4.1] AndroidManifest.xml:32:17-78
110                android:value="androidx.startup" />
110-->[androidx.lifecycle:lifecycle-process:2.4.1] AndroidManifest.xml:33:17-49
111        </provider>
112
113        <uses-library
113-->[androidx.window:window:1.0.0] AndroidManifest.xml:25:9-27:40
114            android:name="androidx.window.extensions"
114-->[androidx.window:window:1.0.0] AndroidManifest.xml:26:13-54
115            android:required="false" />
115-->[androidx.window:window:1.0.0] AndroidManifest.xml:27:13-37
116        <uses-library
116-->[androidx.window:window:1.0.0] AndroidManifest.xml:28:9-30:40
117            android:name="androidx.window.sidecar"
117-->[androidx.window:window:1.0.0] AndroidManifest.xml:29:13-51
118            android:required="false" />
118-->[androidx.window:window:1.0.0] AndroidManifest.xml:30:13-37
119    </application>
120
121</manifest>